<?xml version="1.0" encoding="UTF-8"?>
<!-- Generated by org.testng.reporters.JUnitReportReporter -->
<testsuite hostname="DESKTOP-D217BCI" failures="0" tests="6" name="DataDriven.Datadriven" time="33.143" errors="0" timestamp="2025-03-15T21:38:35 IST" skipped="0">
  <testcase classname="DataDriven.Datadriven" name="herokulogin" time="5.818"/>
  <testcase classname="DataDriven.Datadriven" name="herokulogin" time="5.326"/>
  <testcase classname="DataDriven.Datadriven" name="herokulogin" time="4.198"/>
  <testcase classname="DataDriven.Datadriven" name="herokulogin" time="5.540"/>
  <testcase classname="DataDriven.Datadriven" name="herokulogin" time="6.244"/>
  <testcase classname="DataDriven.Datadriven" name="herokulogin" time="6.017"/>
</testsuite> <!-- DataDriven.Datadriven -->
